<?xml version="1.0" encoding="UTF-8"?>
<!-- Generated by org.testng.reporters.JUnitReportReporter -->
<testsuite skipped="0" hostname="NGUYETNM-T14" name="com.qa.tests.ProductTests2" tests="2" failures="0" timestamp="2021-07-22T11:41:24 ICT" time="9.194" errors="0">
  <testcase name="validateProductOnProductDetailsPage" time="5.352" classname="com.qa.tests.ProductTests2"/>
  <system-out/>
  <testcase name="validateProductOnProductsPage" time="3.842" classname="com.qa.tests.ProductTests2"/>
  <system-out/>
</testsuite> <!-- com.qa.tests.ProductTests2 -->
